2024-12-27 12:50:28.689 +05:30 [INF] Application Started
2024-12-27 12:50:53.197 +05:30 [INF] User Loged in
2024-12-27 12:51:47.296 +05:30 [INF] Application Started
2024-12-27 12:51:51.998 +05:30 [INF] User Loged in
2024-12-27 12:54:13.709 +05:30 [INF] Amount added into wallet
2024-12-27 12:55:20.497 +05:30 [ERR] Requried Quantity is not available.
2024-12-27 12:56:00.821 +05:30 [INF] Product Successfully added to  cart
2024-12-27 12:56:22.376 +05:30 [INF] Booked Successfully. ID:BID3005
2024-12-27 12:57:08.953 +05:30 [INF] Product Successfully added to  cart
2024-12-27 12:57:15.227 +05:30 [INF] Booked Successfully. ID:BID3006
2024-12-27 13:01:47.424 +05:30 [INF] Application Started
2024-12-27 13:01:55.477 +05:30 [INF] User Loged in
2024-12-27 18:00:50.374 +05:30 [INF] Application Started
2024-12-27 18:00:56.500 +05:30 [ERR] Entered Invalid Customer ID
2024-12-27 18:01:07.600 +05:30 [INF] Application Started
2024-12-27 18:01:13.066 +05:30 [INF] User Loged in
2024-12-27 18:04:32.513 +05:30 [INF] Application Started
2024-12-27 18:04:38.373 +05:30 [INF] User Loged in
2024-12-27 18:05:39.725 +05:30 [INF] Application Started
2024-12-27 18:05:46.414 +05:30 [INF] User Loged in
